{"name": "test_delete_purchase_order_by_id", "status": "failed", "statusDetails": {"message": "AssertionError", "trace": "place_order_for_a_pet = <Response [200]>\nstore_api = <api.store_api.StoreApi object at 0x74320c478130>\n\n    def test_delete_purchase_order_by_id(place_order_for_a_pet,store_api):\n        order_id=place_order_for_a_pet.json()[\"id\"]\n        delete_purchase_order_by_id=store_api.delete_placed_order(order_id)\n        print(delete_purchase_order_by_id.status_code,delete_purchase_order_by_id.json())\n>       Checking.check_status_code(response=delete_purchase_order_by_id,status_code=200)\n\ntests/test_store_api.py:56: \n_ _ _ _ _ _ _ _ _ _ _ _ _ _ _ _ _ _ _ _ _ _ _ _ _ _ _ _ _ _ _ _ _ _ _ _ _ _ _ _ \n\nresponse = <Response [404]>, status_code = 200\n\n    @staticmethod\n    def check_status_code(response: requests.Response, status_code:int):\n>       assert response.status_code == status_code# espectedResult==actualResult\nE       AssertionError\n\nutils/checking_methods.py:12: AssertionError"}, "steps": [{"name": "DELETE /store/order/8370", "status": "passed", "start": 1757964647454, "stop": 1757964647951}], "start": 1757964647454, "stop": 1757964647952, "uuid": "f94a62a1-1038-4699-8004-8d6176b2de44", "historyId": "13102cf2ca1ac160ed80b3ca2dcd5625", "testCaseId": "13102cf2ca1ac160ed80b3ca2dcd5625", "fullName": "tests.test_store_api#test_delete_purchase_order_by_id", "labels": [{"name": "parentSuite", "value": "tests"}, {"name": "suite", "value": "test_store_api"}, {"name": "host", "value": "75a98f2fef52"}, {"name": "thread", "value": "1-MainThread"}, {"name": "framework", "value": "pytest"}, {"name": "language", "value": "cpython3"}, {"name": "package", "value": "tests.test_store_api"}], "titlePath": ["tests", "test_store_api.py"]}